2015-07-25 11:14:14 DEBUG Log:30 - Hello World
2015-07-25 11:14:28 DEBUG HelloWorld:30 - Hello World
2015-07-25 11:16:06 DEBUG Log:30 - Hello World
2015-07-25 11:16:06 ERROR Log:35 - Exception: 
java.lang.Exception: My Exception
	at cn.edu.bit.linc.zql.util.Log.main(Log.java:32)
	at sun.reflect.NativeMethodAccessorImpl.invoke0(Native Method)
	at sun.reflect.NativeMethodAccessorImpl.invoke(NativeMethodAccessorImpl.java:57)
	at sun.reflect.DelegatingMethodAccessorImpl.invoke(DelegatingMethodAccessorImpl.java:43)
	at java.lang.reflect.Method.invoke(Method.java:606)
	at com.intellij.rt.execution.application.AppMain.main(AppMain.java:134)
2015-07-25 11:16:21 DEBUG Log:31 - Hello World
2015-07-25 11:16:21 ERROR Log:36 - Exception: 
java.lang.Exception: My Exception
	at cn.edu.bit.linc.zql.util.Log.main(Log.java:33)
	at sun.reflect.NativeMethodAccessorImpl.invoke0(Native Method)
	at sun.reflect.NativeMethodAccessorImpl.invoke(NativeMethodAccessorImpl.java:57)
	at sun.reflect.DelegatingMethodAccessorImpl.invoke(DelegatingMethodAccessorImpl.java:43)
	at java.lang.reflect.Method.invoke(Method.java:606)
	at com.intellij.rt.execution.application.AppMain.main(AppMain.java:134)
2015-07-25 11:16:31 DEBUG Log:30 - Hello World
2015-07-25 11:16:31 ERROR Log:36 - Exception: 
java.lang.Exception: My Exception
	at cn.edu.bit.linc.zql.util.Log.main(Log.java:33)
	at sun.reflect.NativeMethodAccessorImpl.invoke0(Native Method)
	at sun.reflect.NativeMethodAccessorImpl.invoke(NativeMethodAccessorImpl.java:57)
	at sun.reflect.DelegatingMethodAccessorImpl.invoke(DelegatingMethodAccessorImpl.java:43)
	at java.lang.reflect.Method.invoke(Method.java:606)
	at com.intellij.rt.execution.application.AppMain.main(AppMain.java:134)
2015-07-25 11:19:51 DEBUG Log:30 - ERROR MESSAGE
2015-07-25 11:19:52 INFO  Log:31 - INFO MESSAGE
2015-07-25 11:19:52 WARN  Log:32 - WARN MESSAGE
2015-07-25 11:19:52 ERROR Log:33 - ERROR MESSAGE
2015-07-25 11:19:52 FATAL Log:34 - FATAL MESSAGE
2015-07-25 11:20:26 DEBUG Log:23 - ERROR MESSAGE
2015-07-25 11:20:26 INFO  Log:24 - INFO MESSAGE
2015-07-25 11:20:26 WARN  Log:25 - WARN MESSAGE
2015-07-25 11:20:26 ERROR Log:26 - ERROR MESSAGE
2015-07-25 11:20:26 FATAL Log:27 - FATAL MESSAGE
2015-07-25 11:21:00 DEBUG Log:23 - ERROR MESSAGE
2015-07-25 11:21:00 INFO  Log:24 - INFO MESSAGE
2015-07-25 11:21:00 WARN  Log:25 - WARN MESSAGE
2015-07-25 11:21:00 ERROR Log:26 - ERROR MESSAGE
2015-07-25 11:21:00 FATAL Log:27 - FATAL MESSAGE
