2015-07-29 15:43:04 INFO  ZQLContext:29 - 正在初始化系统模块
2015-07-29 15:43:04 INFO  ZQLSession:28 - 用户 ihainan 于 Wed Jul 29 15:43:04 CST 2015 创建新会话，连接到数据库 db_1
2015-07-29 15:43:05 INFO  MetaDatabase:81 - 正在从配置文件中读取元数据库信息
2015-07-29 15:43:05 INFO  MetaDatabase:103 - 正在创建元数据库
2015-07-29 15:43:05 INFO  InnerDatabases:55 - 正在从配置文件中读取底层库信息
2015-07-29 15:43:05 INFO  MLog:80 - MLog clients using log4j logging.
2015-07-29 15:43:05 INFO  C3P0Registry:204 - Initializing c3p0-0.9.1.2 [built 21-May-2007 15:04:56; debug? true; trace: 10]
2015-07-29 15:43:05 INFO  AbstractPoolBackedDataSource:462 - Initializing c3p0 pool... com.mchange.v2.c3p0.ComboPooledDataSource [ acquireIncrement -> 5, acquireRetryAttempts -> 30, acquireRetryDelay -> 1000, autoCommitOnClose -> false, automaticTestTable -> null, breakAfterAcquireFailure -> false, checkoutTimeout -> 0, connectionCustomizerClassName -> null, connectionTesterClassName -> com.mchange.v2.c3p0.impl.DefaultConnectionTester, dataSourceName -> 1hgeby99a1o57a581ngk6lk|5d7f212b, debugUnreturnedConnectionStackTraces -> false, description -> null, driverClass -> com.mysql.jdbc.Driver, factoryClassLocation -> null, forceIgnoreUnresolvedTransactions -> false, identityToken -> 1hgeby99a1o57a581ngk6lk|5d7f212b, idleConnectionTestPeriod -> 0, initialPoolSize -> 3, jdbcUrl -> jdbc:mysql://localhost:8889/, maxAdministrativeTaskTime -> 0, maxConnectionAge -> 0, maxIdleTime -> 0, maxIdleTimeExcessConnections -> 0, maxPoolSize -> 20, maxStatements -> 180, maxStatementsPerConnection -> 0, minPoolSize -> 5, numHelperThreads -> 3, numThreadsAwaitingCheckoutDefaultUser -> 0, preferredTestQuery -> null, properties -> {user=******, password=******}, propertyCycle -> 0, testConnectionOnCheckin -> false, testConnectionOnCheckout -> false, unreturnedConnectionTimeout -> 0, usesTraditionalReflectiveProxies -> false ]
2015-07-29 15:43:17 INFO  AbstractPoolBackedDataSource:462 - Initializing c3p0 pool... com.mchange.v2.c3p0.ComboPooledDataSource [ acquireIncrement -> 5, acquireRetryAttempts -> 30, acquireRetryDelay -> 1000, autoCommitOnClose -> false, automaticTestTable -> null, breakAfterAcquireFailure -> false, checkoutTimeout -> 0, connectionCustomizerClassName -> null, connectionTesterClassName -> com.mchange.v2.c3p0.impl.DefaultConnectionTester, dataSourceName -> 1hgeby99a1o57a581ngk6lk|767fa665, debugUnreturnedConnectionStackTraces -> false, description -> null, driverClass -> com.mysql.jdbc.Driver, factoryClassLocation -> null, forceIgnoreUnresolvedTransactions -> false, identityToken -> 1hgeby99a1o57a581ngk6lk|767fa665, idleConnectionTestPeriod -> 0, initialPoolSize -> 3, jdbcUrl -> jdbc:mysql://localhost:8889/, maxAdministrativeTaskTime -> 0, maxConnectionAge -> 0, maxIdleTime -> 0, maxIdleTimeExcessConnections -> 0, maxPoolSize -> 20, maxStatements -> 180, maxStatementsPerConnection -> 0, minPoolSize -> 5, numHelperThreads -> 3, numThreadsAwaitingCheckoutDefaultUser -> 0, preferredTestQuery -> null, properties -> {user=******, password=******}, propertyCycle -> 0, testConnectionOnCheckin -> false, testConnectionOnCheckout -> false, unreturnedConnectionTimeout -> 0, usesTraditionalReflectiveProxies -> false ]
2015-07-29 15:43:17 ERROR InnerDatabases:102 - 在底层库 1 执行 SQL 命令失败：ALTER TABLE db_1.tb_1 CHANGE COLUMN col_old_name col_new_name ，错误原因：
cn.edu.bit.linc.zql.exceptions.ZQLCommandExecutionError: You have an error in your SQL syntax; check the manual that corresponds to your MySQL server version for the right syntax to use near '' at line 1
	at cn.edu.bit.linc.zql.command.SQLCommandManager.execute(SQLCommandManager.java:101)
	at cn.edu.bit.linc.zql.ZQLContext.executeSQL(ZQLContext.java:35)
	at cn.edu.bit.linc.zql.ZQLContext.main(ZQLContext.java:76)
2015-07-29 15:43:25 INFO  ZQLContext:29 - 正在初始化系统模块
2015-07-29 15:43:25 INFO  ZQLSession:28 - 用户 ihainan 于 Wed Jul 29 15:43:25 CST 2015 创建新会话，连接到数据库 db_1
2015-07-29 15:43:25 INFO  MetaDatabase:81 - 正在从配置文件中读取元数据库信息
2015-07-29 15:43:25 INFO  MetaDatabase:103 - 正在创建元数据库
2015-07-29 15:43:25 INFO  InnerDatabases:55 - 正在从配置文件中读取底层库信息
2015-07-29 15:43:26 INFO  MLog:80 - MLog clients using log4j logging.
2015-07-29 15:43:26 INFO  C3P0Registry:204 - Initializing c3p0-0.9.1.2 [built 21-May-2007 15:04:56; debug? true; trace: 10]
2015-07-29 15:43:26 INFO  AbstractPoolBackedDataSource:462 - Initializing c3p0 pool... com.mchange.v2.c3p0.ComboPooledDataSource [ acquireIncrement -> 5, acquireRetryAttempts -> 30, acquireRetryDelay -> 1000, autoCommitOnClose -> false, automaticTestTable -> null, breakAfterAcquireFailure -> false, checkoutTimeout -> 0, connectionCustomizerClassName -> null, connectionTesterClassName -> com.mchange.v2.c3p0.impl.DefaultConnectionTester, dataSourceName -> 1hgeby99a1o57qbn1t63l7|524f6f2a, debugUnreturnedConnectionStackTraces -> false, description -> null, driverClass -> com.mysql.jdbc.Driver, factoryClassLocation -> null, forceIgnoreUnresolvedTransactions -> false, identityToken -> 1hgeby99a1o57qbn1t63l7|524f6f2a, idleConnectionTestPeriod -> 0, initialPoolSize -> 3, jdbcUrl -> jdbc:mysql://localhost:8889/, maxAdministrativeTaskTime -> 0, maxConnectionAge -> 0, maxIdleTime -> 0, maxIdleTimeExcessConnections -> 0, maxPoolSize -> 20, maxStatements -> 180, maxStatementsPerConnection -> 0, minPoolSize -> 5, numHelperThreads -> 3, numThreadsAwaitingCheckoutDefaultUser -> 0, preferredTestQuery -> null, properties -> {user=******, password=******}, propertyCycle -> 0, testConnectionOnCheckin -> false, testConnectionOnCheckout -> false, unreturnedConnectionTimeout -> 0, usesTraditionalReflectiveProxies -> false ]
2015-07-29 15:43:40 INFO  AbstractPoolBackedDataSource:462 - Initializing c3p0 pool... com.mchange.v2.c3p0.ComboPooledDataSource [ acquireIncrement -> 5, acquireRetryAttempts -> 30, acquireRetryDelay -> 1000, autoCommitOnClose -> false, automaticTestTable -> null, breakAfterAcquireFailure -> false, checkoutTimeout -> 0, connectionCustomizerClassName -> null, connectionTesterClassName -> com.mchange.v2.c3p0.impl.DefaultConnectionTester, dataSourceName -> 1hgeby99a1o57qbn1t63l7|593b8970, debugUnreturnedConnectionStackTraces -> false, description -> null, driverClass -> com.mysql.jdbc.Driver, factoryClassLocation -> null, forceIgnoreUnresolvedTransactions -> false, identityToken -> 1hgeby99a1o57qbn1t63l7|593b8970, idleConnectionTestPeriod -> 0, initialPoolSize -> 3, jdbcUrl -> jdbc:mysql://localhost:8889/, maxAdministrativeTaskTime -> 0, maxConnectionAge -> 0, maxIdleTime -> 0, maxIdleTimeExcessConnections -> 0, maxPoolSize -> 20, maxStatements -> 180, maxStatementsPerConnection -> 0, minPoolSize -> 5, numHelperThreads -> 3, numThreadsAwaitingCheckoutDefaultUser -> 0, preferredTestQuery -> null, properties -> {user=******, password=******}, propertyCycle -> 0, testConnectionOnCheckin -> false, testConnectionOnCheckout -> false, unreturnedConnectionTimeout -> 0, usesTraditionalReflectiveProxies -> false ]
2015-07-29 15:43:40 ERROR InnerDatabases:102 - 在底层库 1 执行 SQL 命令失败：ALTER TABLE db_1.tb_1 CHANGE COLUMN col_old_name col_new_name ，错误原因：
cn.edu.bit.linc.zql.exceptions.ZQLCommandExecutionError: You have an error in your SQL syntax; check the manual that corresponds to your MySQL server version for the right syntax to use near '' at line 1
	at cn.edu.bit.linc.zql.command.SQLCommandManager.execute(SQLCommandManager.java:101)
	at cn.edu.bit.linc.zql.ZQLContext.executeSQL(ZQLContext.java:35)
	at cn.edu.bit.linc.zql.ZQLContext.main(ZQLContext.java:76)
2015-07-29 15:57:12 INFO  ZQLContext:29 - 正在初始化系统模块
2015-07-29 15:57:12 INFO  ZQLSession:28 - 用户 ihainan 于 Wed Jul 29 15:57:12 CST 2015 创建新会话，连接到数据库 db_1
2015-07-29 15:57:12 INFO  MetaDatabase:81 - 正在从配置文件中读取元数据库信息
2015-07-29 15:57:12 INFO  MetaDatabase:103 - 正在创建元数据库
2015-07-29 15:57:12 INFO  InnerDatabases:55 - 正在从配置文件中读取底层库信息
2015-07-29 15:57:12 INFO  MLog:80 - MLog clients using log4j logging.
2015-07-29 15:57:12 INFO  C3P0Registry:204 - Initializing c3p0-0.9.1.2 [built 21-May-2007 15:04:56; debug? true; trace: 10]
2015-07-29 15:57:13 INFO  AbstractPoolBackedDataSource:462 - Initializing c3p0 pool... com.mchange.v2.c3p0.ComboPooledDataSource [ acquireIncrement -> 5, acquireRetryAttempts -> 30, acquireRetryDelay -> 1000, autoCommitOnClose -> false, automaticTestTable -> null, breakAfterAcquireFailure -> false, checkoutTimeout -> 0, connectionCustomizerClassName -> null, connectionTesterClassName -> com.mchange.v2.c3p0.impl.DefaultConnectionTester, dataSourceName -> 1hgeby99a1o5pg5feqod48|455abe01, debugUnreturnedConnectionStackTraces -> false, description -> null, driverClass -> com.mysql.jdbc.Driver, factoryClassLocation -> null, forceIgnoreUnresolvedTransactions -> false, identityToken -> 1hgeby99a1o5pg5feqod48|455abe01, idleConnectionTestPeriod -> 0, initialPoolSize -> 3, jdbcUrl -> jdbc:mysql://localhost:8889/, maxAdministrativeTaskTime -> 0, maxConnectionAge -> 0, maxIdleTime -> 0, maxIdleTimeExcessConnections -> 0, maxPoolSize -> 20, maxStatements -> 180, maxStatementsPerConnection -> 0, minPoolSize -> 5, numHelperThreads -> 3, numThreadsAwaitingCheckoutDefaultUser -> 0, preferredTestQuery -> null, properties -> {user=******, password=******}, propertyCycle -> 0, testConnectionOnCheckin -> false, testConnectionOnCheckout -> false, unreturnedConnectionTimeout -> 0, usesTraditionalReflectiveProxies -> false ]
2015-07-29 16:05:08 INFO  ZQLContext:29 - 正在初始化系统模块
2015-07-29 16:05:08 INFO  ZQLSession:28 - 用户 ihainan 于 Wed Jul 29 16:05:08 CST 2015 创建新会话，连接到数据库 db_1
2015-07-29 16:05:08 INFO  MetaDatabase:81 - 正在从配置文件中读取元数据库信息
2015-07-29 16:05:08 INFO  MetaDatabase:103 - 正在创建元数据库
2015-07-29 16:05:08 INFO  InnerDatabases:55 - 正在从配置文件中读取底层库信息
2015-07-29 16:05:08 INFO  MLog:80 - MLog clients using log4j logging.
2015-07-29 16:05:08 INFO  C3P0Registry:204 - Initializing c3p0-0.9.1.2 [built 21-May-2007 15:04:56; debug? true; trace: 10]
2015-07-29 16:05:08 INFO  AbstractPoolBackedDataSource:462 - Initializing c3p0 pool... com.mchange.v2.c3p0.ComboPooledDataSource [ acquireIncrement -> 5, acquireRetryAttempts -> 30, acquireRetryDelay -> 1000, autoCommitOnClose -> false, automaticTestTable -> null, breakAfterAcquireFailure -> false, checkoutTimeout -> 0, connectionCustomizerClassName -> null, connectionTesterClassName -> com.mchange.v2.c3p0.impl.DefaultConnectionTester, dataSourceName -> 1hgeby99a1o5zn8cinvynd|488f612f, debugUnreturnedConnectionStackTraces -> false, description -> null, driverClass -> com.mysql.jdbc.Driver, factoryClassLocation -> null, forceIgnoreUnresolvedTransactions -> false, identityToken -> 1hgeby99a1o5zn8cinvynd|488f612f, idleConnectionTestPeriod -> 0, initialPoolSize -> 3, jdbcUrl -> jdbc:mysql://localhost:8889/, maxAdministrativeTaskTime -> 0, maxConnectionAge -> 0, maxIdleTime -> 0, maxIdleTimeExcessConnections -> 0, maxPoolSize -> 20, maxStatements -> 180, maxStatementsPerConnection -> 0, minPoolSize -> 5, numHelperThreads -> 3, numThreadsAwaitingCheckoutDefaultUser -> 0, preferredTestQuery -> null, properties -> {user=******, password=******}, propertyCycle -> 0, testConnectionOnCheckin -> false, testConnectionOnCheckout -> false, unreturnedConnectionTimeout -> 0, usesTraditionalReflectiveProxies -> false ]
2015-07-29 16:12:31 INFO  ZQLContext:29 - 正在初始化系统模块
2015-07-29 16:12:31 INFO  ZQLSession:28 - 用户 ihainan 于 Wed Jul 29 16:12:31 CST 2015 创建新会话，连接到数据库 db_1
2015-07-29 16:12:31 INFO  MetaDatabase:81 - 正在从配置文件中读取元数据库信息
2015-07-29 16:12:31 INFO  MetaDatabase:103 - 正在创建元数据库
2015-07-29 16:12:31 INFO  InnerDatabases:55 - 正在从配置文件中读取底层库信息
2015-07-29 16:12:31 INFO  MLog:80 - MLog clients using log4j logging.
2015-07-29 16:12:32 INFO  C3P0Registry:204 - Initializing c3p0-0.9.1.2 [built 21-May-2007 15:04:56; debug? true; trace: 10]
2015-07-29 16:12:32 INFO  AbstractPoolBackedDataSource:462 - Initializing c3p0 pool... com.mchange.v2.c3p0.ComboPooledDataSource [ acquireIncrement -> 5, acquireRetryAttempts -> 30, acquireRetryDelay -> 1000, autoCommitOnClose -> false, automaticTestTable -> null, breakAfterAcquireFailure -> false, checkoutTimeout -> 0, connectionCustomizerClassName -> null, connectionTesterClassName -> com.mchange.v2.c3p0.impl.DefaultConnectionTester, dataSourceName -> 1hge15w9a1o695ej1hupkih|1d48085, debugUnreturnedConnectionStackTraces -> false, description -> null, driverClass -> com.mysql.jdbc.Driver, factoryClassLocation -> null, forceIgnoreUnresolvedTransactions -> false, identityToken -> 1hge15w9a1o695ej1hupkih|1d48085, idleConnectionTestPeriod -> 0, initialPoolSize -> 3, jdbcUrl -> jdbc:mysql://localhost:8889/, maxAdministrativeTaskTime -> 0, maxConnectionAge -> 0, maxIdleTime -> 0, maxIdleTimeExcessConnections -> 0, maxPoolSize -> 20, maxStatements -> 180, maxStatementsPerConnection -> 0, minPoolSize -> 5, numHelperThreads -> 3, numThreadsAwaitingCheckoutDefaultUser -> 0, preferredTestQuery -> null, properties -> {user=******, password=******}, propertyCycle -> 0, testConnectionOnCheckin -> false, testConnectionOnCheckout -> false, unreturnedConnectionTimeout -> 0, usesTraditionalReflectiveProxies -> false ]
2015-07-29 16:13:52 INFO  ZQLContext:29 - 正在初始化系统模块
2015-07-29 16:13:52 INFO  ZQLSession:28 - 用户 ihainan 于 Wed Jul 29 16:13:52 CST 2015 创建新会话，连接到数据库 db_1
2015-07-29 16:13:52 INFO  MetaDatabase:81 - 正在从配置文件中读取元数据库信息
2015-07-29 16:13:52 INFO  MetaDatabase:103 - 正在创建元数据库
2015-07-29 16:13:52 INFO  InnerDatabases:55 - 正在从配置文件中读取底层库信息
2015-07-29 16:13:52 INFO  MLog:80 - MLog clients using log4j logging.
2015-07-29 16:13:52 INFO  C3P0Registry:204 - Initializing c3p0-0.9.1.2 [built 21-May-2007 15:04:56; debug? true; trace: 10]
2015-07-29 16:13:52 INFO  AbstractPoolBackedDataSource:462 - Initializing c3p0 pool... com.mchange.v2.c3p0.ComboPooledDataSource [ acquireIncrement -> 5, acquireRetryAttempts -> 30, acquireRetryDelay -> 1000, autoCommitOnClose -> false, automaticTestTable -> null, breakAfterAcquireFailure -> false, checkoutTimeout -> 0, connectionCustomizerClassName -> null, connectionTesterClassName -> com.mchange.v2.c3p0.impl.DefaultConnectionTester, dataSourceName -> 1hge15w9a1o6avfg132defu|1d48085, debugUnreturnedConnectionStackTraces -> false, description -> null, driverClass -> com.mysql.jdbc.Driver, factoryClassLocation -> null, forceIgnoreUnresolvedTransactions -> false, identityToken -> 1hge15w9a1o6avfg132defu|1d48085, idleConnectionTestPeriod -> 0, initialPoolSize -> 3, jdbcUrl -> jdbc:mysql://localhost:8889/, maxAdministrativeTaskTime -> 0, maxConnectionAge -> 0, maxIdleTime -> 0, maxIdleTimeExcessConnections -> 0, maxPoolSize -> 20, maxStatements -> 180, maxStatementsPerConnection -> 0, minPoolSize -> 5, numHelperThreads -> 3, numThreadsAwaitingCheckoutDefaultUser -> 0, preferredTestQuery -> null, properties -> {user=******, password=******}, propertyCycle -> 0, testConnectionOnCheckin -> false, testConnectionOnCheckout -> false, unreturnedConnectionTimeout -> 0, usesTraditionalReflectiveProxies -> false ]
2015-07-29 16:14:03 INFO  ZQLContext:29 - 正在初始化系统模块
2015-07-29 16:14:03 INFO  ZQLSession:28 - 用户 ihainan 于 Wed Jul 29 16:14:03 CST 2015 创建新会话，连接到数据库 db_1
2015-07-29 16:14:03 INFO  MetaDatabase:81 - 正在从配置文件中读取元数据库信息
2015-07-29 16:14:03 INFO  MetaDatabase:103 - 正在创建元数据库
2015-07-29 16:14:03 INFO  InnerDatabases:55 - 正在从配置文件中读取底层库信息
2015-07-29 16:14:03 INFO  MLog:80 - MLog clients using log4j logging.
2015-07-29 16:14:04 INFO  C3P0Registry:204 - Initializing c3p0-0.9.1.2 [built 21-May-2007 15:04:56; debug? true; trace: 10]
2015-07-29 16:14:04 INFO  AbstractPoolBackedDataSource:462 - Initializing c3p0 pool... com.mchange.v2.c3p0.ComboPooledDataSource [ acquireIncrement -> 5, acquireRetryAttempts -> 30, acquireRetryDelay -> 1000, autoCommitOnClose -> false, automaticTestTable -> null, breakAfterAcquireFailure -> false, checkoutTimeout -> 0, connectionCustomizerClassName -> null, connectionTesterClassName -> com.mchange.v2.c3p0.impl.DefaultConnectionTester, dataSourceName -> 1hge15w9a1o6b4d15rse3e|2bb34e41, debugUnreturnedConnectionStackTraces -> false, description -> null, driverClass -> com.mysql.jdbc.Driver, factoryClassLocation -> null, forceIgnoreUnresolvedTransactions -> false, identityToken -> 1hge15w9a1o6b4d15rse3e|2bb34e41, idleConnectionTestPeriod -> 0, initialPoolSize -> 3, jdbcUrl -> jdbc:mysql://localhost:8889/, maxAdministrativeTaskTime -> 0, maxConnectionAge -> 0, maxIdleTime -> 0, maxIdleTimeExcessConnections -> 0, maxPoolSize -> 20, maxStatements -> 180, maxStatementsPerConnection -> 0, minPoolSize -> 5, numHelperThreads -> 3, numThreadsAwaitingCheckoutDefaultUser -> 0, preferredTestQuery -> null, properties -> {user=******, password=******}, propertyCycle -> 0, testConnectionOnCheckin -> false, testConnectionOnCheckout -> false, unreturnedConnectionTimeout -> 0, usesTraditionalReflectiveProxies -> false ]
2015-07-29 16:14:39 INFO  ZQLContext:29 - 正在初始化系统模块
2015-07-29 16:14:39 INFO  ZQLSession:28 - 用户 ihainan 于 Wed Jul 29 16:14:39 CST 2015 创建新会话，连接到数据库 db_1
2015-07-29 16:14:39 INFO  MetaDatabase:81 - 正在从配置文件中读取元数据库信息
2015-07-29 16:14:39 INFO  MetaDatabase:103 - 正在创建元数据库
2015-07-29 16:14:39 INFO  InnerDatabases:55 - 正在从配置文件中读取底层库信息
2015-07-29 16:14:39 INFO  MLog:80 - MLog clients using log4j logging.
2015-07-29 16:14:39 INFO  C3P0Registry:204 - Initializing c3p0-0.9.1.2 [built 21-May-2007 15:04:56; debug? true; trace: 10]
2015-07-29 16:14:39 INFO  AbstractPoolBackedDataSource:462 - Initializing c3p0 pool... com.mchange.v2.c3p0.ComboPooledDataSource [ acquireIncrement -> 5, acquireRetryAttempts -> 30, acquireRetryDelay -> 1000, autoCommitOnClose -> false, automaticTestTable -> null, breakAfterAcquireFailure -> false, checkoutTimeout -> 0, connectionCustomizerClassName -> null, connectionTesterClassName -> com.mchange.v2.c3p0.impl.DefaultConnectionTester, dataSourceName -> 1hge15w9a1o6bvyh1unx6j0|1d96bf64, debugUnreturnedConnectionStackTraces -> false, description -> null, driverClass -> com.mysql.jdbc.Driver, factoryClassLocation -> null, forceIgnoreUnresolvedTransactions -> false, identityToken -> 1hge15w9a1o6bvyh1unx6j0|1d96bf64, idleConnectionTestPeriod -> 0, initialPoolSize -> 3, jdbcUrl -> jdbc:mysql://localhost:8889/, maxAdministrativeTaskTime -> 0, maxConnectionAge -> 0, maxIdleTime -> 0, maxIdleTimeExcessConnections -> 0, maxPoolSize -> 20, maxStatements -> 180, maxStatementsPerConnection -> 0, minPoolSize -> 5, numHelperThreads -> 3, numThreadsAwaitingCheckoutDefaultUser -> 0, preferredTestQuery -> null, properties -> {user=******, password=******}, propertyCycle -> 0, testConnectionOnCheckin -> false, testConnectionOnCheckout -> false, unreturnedConnectionTimeout -> 0, usesTraditionalReflectiveProxies -> false ]
2015-07-29 16:15:05 INFO  ZQLContext:29 - 正在初始化系统模块
2015-07-29 16:15:06 INFO  ZQLSession:28 - 用户 ihainan 于 Wed Jul 29 16:15:06 CST 2015 创建新会话，连接到数据库 db_1
2015-07-29 16:15:06 INFO  MetaDatabase:81 - 正在从配置文件中读取元数据库信息
2015-07-29 16:15:06 INFO  MetaDatabase:103 - 正在创建元数据库
2015-07-29 16:15:06 INFO  InnerDatabases:55 - 正在从配置文件中读取底层库信息
2015-07-29 16:15:06 INFO  MLog:80 - MLog clients using log4j logging.
2015-07-29 16:15:06 INFO  C3P0Registry:204 - Initializing c3p0-0.9.1.2 [built 21-May-2007 15:04:56; debug? true; trace: 10]
2015-07-29 16:15:06 INFO  AbstractPoolBackedDataSource:462 - Initializing c3p0 pool... com.mchange.v2.c3p0.ComboPooledDataSource [ acquireIncrement -> 5, acquireRetryAttempts -> 30, acquireRetryDelay -> 1000, autoCommitOnClose -> false, automaticTestTable -> null, breakAfterAcquireFailure -> false, checkoutTimeout -> 0, connectionCustomizerClassName -> null, connectionTesterClassName -> com.mchange.v2.c3p0.impl.DefaultConnectionTester, dataSourceName -> 1hge15w9a1o6cgd2qnijic|4436f0c9, debugUnreturnedConnectionStackTraces -> false, description -> null, driverClass -> com.mysql.jdbc.Driver, factoryClassLocation -> null, forceIgnoreUnresolvedTransactions -> false, identityToken -> 1hge15w9a1o6cgd2qnijic|4436f0c9, idleConnectionTestPeriod -> 0, initialPoolSize -> 3, jdbcUrl -> jdbc:mysql://localhost:8889/, maxAdministrativeTaskTime -> 0, maxConnectionAge -> 0, maxIdleTime -> 0, maxIdleTimeExcessConnections -> 0, maxPoolSize -> 20, maxStatements -> 180, maxStatementsPerConnection -> 0, minPoolSize -> 5, numHelperThreads -> 3, numThreadsAwaitingCheckoutDefaultUser -> 0, preferredTestQuery -> null, properties -> {user=******, password=******}, propertyCycle -> 0, testConnectionOnCheckin -> false, testConnectionOnCheckout -> false, unreturnedConnectionTimeout -> 0, usesTraditionalReflectiveProxies -> false ]
2015-07-29 16:15:07 INFO  AbstractPoolBackedDataSource:462 - Initializing c3p0 pool... com.mchange.v2.c3p0.ComboPooledDataSource [ acquireIncrement -> 5, acquireRetryAttempts -> 30, acquireRetryDelay -> 1000, autoCommitOnClose -> false, automaticTestTable -> null, breakAfterAcquireFailure -> false, checkoutTimeout -> 0, connectionCustomizerClassName -> null, connectionTesterClassName -> com.mchange.v2.c3p0.impl.DefaultConnectionTester, dataSourceName -> 1hge15w9a1o6cgd2qnijic|5c46a4fa, debugUnreturnedConnectionStackTraces -> false, description -> null, driverClass -> com.mysql.jdbc.Driver, factoryClassLocation -> null, forceIgnoreUnresolvedTransactions -> false, identityToken -> 1hge15w9a1o6cgd2qnijic|5c46a4fa, idleConnectionTestPeriod -> 0, initialPoolSize -> 3, jdbcUrl -> jdbc:mysql://localhost:8889/, maxAdministrativeTaskTime -> 0, maxConnectionAge -> 0, maxIdleTime -> 0, maxIdleTimeExcessConnections -> 0, maxPoolSize -> 20, maxStatements -> 180, maxStatementsPerConnection -> 0, minPoolSize -> 5, numHelperThreads -> 3, numThreadsAwaitingCheckoutDefaultUser -> 0, preferredTestQuery -> null, properties -> {user=******, password=******}, propertyCycle -> 0, testConnectionOnCheckin -> false, testConnectionOnCheckout -> false, unreturnedConnectionTimeout -> 0, usesTraditionalReflectiveProxies -> false ]
2015-07-29 16:15:07 ERROR InnerDatabases:105 - 在底层库 1 执行 SQL 命令失败：DROP TABLE  db_1.table_1_1，错误原因：
cn.edu.bit.linc.zql.exceptions.ZQLCommandExecutionError: Unknown table 'table_1_1'
	at cn.edu.bit.linc.zql.command.SQLCommandManager.execute(SQLCommandManager.java:104)
	at cn.edu.bit.linc.zql.ZQLContext.executeSQL(ZQLContext.java:35)
	at cn.edu.bit.linc.zql.ZQLContext.main(ZQLContext.java:74)
	at sun.reflect.NativeMethodAccessorImpl.invoke0(Native Method)
	at sun.reflect.NativeMethodAccessorImpl.invoke(NativeMethodAccessorImpl.java:57)
	at sun.reflect.DelegatingMethodAccessorImpl.invoke(DelegatingMethodAccessorImpl.java:43)
	at java.lang.reflect.Method.invoke(Method.java:606)
	at com.intellij.rt.execution.application.AppMain.main(AppMain.java:134)
2015-07-29 16:15:13 INFO  AbstractPoolBackedDataSource:462 - Initializing c3p0 pool... com.mchange.v2.c3p0.ComboPooledDataSource [ acquireIncrement -> 5, acquireRetryAttempts -> 30, acquireRetryDelay -> 1000, autoCommitOnClose -> false, automaticTestTable -> null, breakAfterAcquireFailure -> false, checkoutTimeout -> 0, connectionCustomizerClassName -> null, connectionTesterClassName -> com.mchange.v2.c3p0.impl.DefaultConnectionTester, dataSourceName -> 1hgeby99a1o5pg5feqod48|36856daa, debugUnreturnedConnectionStackTraces -> false, description -> null, driverClass -> com.mysql.jdbc.Driver, factoryClassLocation -> null, forceIgnoreUnresolvedTransactions -> false, identityToken -> 1hgeby99a1o5pg5feqod48|36856daa, idleConnectionTestPeriod -> 0, initialPoolSize -> 3, jdbcUrl -> jdbc:mysql://localhost:8889/, maxAdministrativeTaskTime -> 0, maxConnectionAge -> 0, maxIdleTime -> 0, maxIdleTimeExcessConnections -> 0, maxPoolSize -> 20, maxStatements -> 180, maxStatementsPerConnection -> 0, minPoolSize -> 5, numHelperThreads -> 3, numThreadsAwaitingCheckoutDefaultUser -> 0, preferredTestQuery -> null, properties -> {user=******, password=******}, propertyCycle -> 0, testConnectionOnCheckin -> false, testConnectionOnCheckout -> false, unreturnedConnectionTimeout -> 0, usesTraditionalReflectiveProxies -> false ]
2015-07-29 16:15:13 ERROR InnerDatabases:102 - 在底层库 1 执行 SQL 命令失败：ALTER TABLE db_1.tb_1 CHANGE COLUMN col_old_name col_new_name datatype(db_1.tb_1)，错误原因：
cn.edu.bit.linc.zql.exceptions.ZQLCommandExecutionError: You have an error in your SQL syntax; check the manual that corresponds to your MySQL server version for the right syntax to use near 'datatype(db_1.tb_1)' at line 1
	at cn.edu.bit.linc.zql.command.SQLCommandManager.execute(SQLCommandManager.java:101)
	at cn.edu.bit.linc.zql.ZQLContext.executeSQL(ZQLContext.java:35)
	at cn.edu.bit.linc.zql.ZQLContext.main(ZQLContext.java:76)
2015-07-29 16:15:17 INFO  ZQLContext:29 - 正在初始化系统模块
2015-07-29 16:15:17 INFO  ZQLSession:28 - 用户 ihainan 于 Wed Jul 29 16:15:17 CST 2015 创建新会话，连接到数据库 db_1
2015-07-29 16:15:17 INFO  MetaDatabase:81 - 正在从配置文件中读取元数据库信息
2015-07-29 16:15:17 INFO  MetaDatabase:103 - 正在创建元数据库
2015-07-29 16:15:17 INFO  InnerDatabases:55 - 正在从配置文件中读取底层库信息
2015-07-29 16:15:17 INFO  MLog:80 - MLog clients using log4j logging.
2015-07-29 16:15:17 INFO  C3P0Registry:204 - Initializing c3p0-0.9.1.2 [built 21-May-2007 15:04:56; debug? true; trace: 10]
2015-07-29 16:15:18 INFO  AbstractPoolBackedDataSource:462 - Initializing c3p0 pool... com.mchange.v2.c3p0.ComboPooledDataSource [ acquireIncrement -> 5, acquireRetryAttempts -> 30, acquireRetryDelay -> 1000, autoCommitOnClose -> false, automaticTestTable -> null, breakAfterAcquireFailure -> false, checkoutTimeout -> 0, connectionCustomizerClassName -> null, connectionTesterClassName -> com.mchange.v2.c3p0.impl.DefaultConnectionTester, dataSourceName -> 1hge15w9a1o6cp8id0o8fi|1d48085, debugUnreturnedConnectionStackTraces -> false, description -> null, driverClass -> com.mysql.jdbc.Driver, factoryClassLocation -> null, forceIgnoreUnresolvedTransactions -> false, identityToken -> 1hge15w9a1o6cp8id0o8fi|1d48085, idleConnectionTestPeriod -> 0, initialPoolSize -> 3, jdbcUrl -> jdbc:mysql://localhost:8889/, maxAdministrativeTaskTime -> 0, maxConnectionAge -> 0, maxIdleTime -> 0, maxIdleTimeExcessConnections -> 0, maxPoolSize -> 20, maxStatements -> 180, maxStatementsPerConnection -> 0, minPoolSize -> 5, numHelperThreads -> 3, numThreadsAwaitingCheckoutDefaultUser -> 0, preferredTestQuery -> null, properties -> {user=******, password=******}, propertyCycle -> 0, testConnectionOnCheckin -> false, testConnectionOnCheckout -> false, unreturnedConnectionTimeout -> 0, usesTraditionalReflectiveProxies -> false ]
2015-07-29 16:15:19 INFO  AbstractPoolBackedDataSource:462 - Initializing c3p0 pool... com.mchange.v2.c3p0.ComboPooledDataSource [ acquireIncrement -> 5, acquireRetryAttempts -> 30, acquireRetryDelay -> 1000, autoCommitOnClose -> false, automaticTestTable -> null, breakAfterAcquireFailure -> false, checkoutTimeout -> 0, connectionCustomizerClassName -> null, connectionTesterClassName -> com.mchange.v2.c3p0.impl.DefaultConnectionTester, dataSourceName -> 1hge15w9a1o6cp8id0o8fi|27191d29, debugUnreturnedConnectionStackTraces -> false, description -> null, driverClass -> com.mysql.jdbc.Driver, factoryClassLocation -> null, forceIgnoreUnresolvedTransactions -> false, identityToken -> 1hge15w9a1o6cp8id0o8fi|27191d29, idleConnectionTestPeriod -> 0, initialPoolSize -> 3, jdbcUrl -> jdbc:mysql://localhost:8889/, maxAdministrativeTaskTime -> 0, maxConnectionAge -> 0, maxIdleTime -> 0, maxIdleTimeExcessConnections -> 0, maxPoolSize -> 20, maxStatements -> 180, maxStatementsPerConnection -> 0, minPoolSize -> 5, numHelperThreads -> 3, numThreadsAwaitingCheckoutDefaultUser -> 0, preferredTestQuery -> null, properties -> {user=******, password=******}, propertyCycle -> 0, testConnectionOnCheckin -> false, testConnectionOnCheckout -> false, unreturnedConnectionTimeout -> 0, usesTraditionalReflectiveProxies -> false ]
2015-07-29 16:15:19 ERROR InnerDatabases:105 - 在底层库 1 执行 SQL 命令失败：DROP TABLE  db_1.table_1_1，错误原因：
cn.edu.bit.linc.zql.exceptions.ZQLCommandExecutionError: Unknown table 'table_1_1'
	at cn.edu.bit.linc.zql.command.SQLCommandManager.execute(SQLCommandManager.java:104)
	at cn.edu.bit.linc.zql.ZQLContext.executeSQL(ZQLContext.java:35)
	at cn.edu.bit.linc.zql.ZQLContext.main(ZQLContext.java:74)
	at sun.reflect.NativeMethodAccessorImpl.invoke0(Native Method)
	at sun.reflect.NativeMethodAccessorImpl.invoke(NativeMethodAccessorImpl.java:57)
	at sun.reflect.DelegatingMethodAccessorImpl.invoke(DelegatingMethodAccessorImpl.java:43)
	at java.lang.reflect.Method.invoke(Method.java:606)
	at com.intellij.rt.execution.application.AppMain.main(AppMain.java:134)
2015-07-29 16:32:52 INFO  ZQLContext:29 - 正在初始化系统模块
2015-07-29 16:32:53 INFO  ZQLSession:28 - 用户 ihainan 于 Wed Jul 29 16:32:53 CST 2015 创建新会话，连接到数据库 db_1
2015-07-29 16:32:53 INFO  MetaDatabase:81 - 正在从配置文件中读取元数据库信息
2015-07-29 16:32:53 INFO  MetaDatabase:103 - 正在创建元数据库
2015-07-29 16:32:53 INFO  InnerDatabases:55 - 正在从配置文件中读取底层库信息
2015-07-29 16:32:53 INFO  MLog:80 - MLog clients using log4j logging.
2015-07-29 16:32:53 INFO  C3P0Registry:204 - Initializing c3p0-0.9.1.2 [built 21-May-2007 15:04:56; debug? true; trace: 10]
2015-07-29 16:32:53 INFO  AbstractPoolBackedDataSource:462 - Initializing c3p0 pool... com.mchange.v2.c3p0.ComboPooledDataSource [ acquireIncrement -> 5, acquireRetryAttempts -> 30, acquireRetryDelay -> 1000, autoCommitOnClose -> false, automaticTestTable -> null, breakAfterAcquireFailure -> false, checkoutTimeout -> 0, connectionCustomizerClassName -> null, connectionTesterClassName -> com.mchange.v2.c3p0.impl.DefaultConnectionTester, dataSourceName -> 1hgeby99a1o6zc071n5r27h|48705739, debugUnreturnedConnectionStackTraces -> false, description -> null, driverClass -> com.mysql.jdbc.Driver, factoryClassLocation -> null, forceIgnoreUnresolvedTransactions -> false, identityToken -> 1hgeby99a1o6zc071n5r27h|48705739, idleConnectionTestPeriod -> 0, initialPoolSize -> 3, jdbcUrl -> jdbc:mysql://localhost:8889/, maxAdministrativeTaskTime -> 0, maxConnectionAge -> 0, maxIdleTime -> 0, maxIdleTimeExcessConnections -> 0, maxPoolSize -> 20, maxStatements -> 180, maxStatementsPerConnection -> 0, minPoolSize -> 5, numHelperThreads -> 3, numThreadsAwaitingCheckoutDefaultUser -> 0, preferredTestQuery -> null, properties -> {user=******, password=******}, propertyCycle -> 0, testConnectionOnCheckin -> false, testConnectionOnCheckout -> false, unreturnedConnectionTimeout -> 0, usesTraditionalReflectiveProxies -> false ]
2015-07-29 16:33:05 ERROR InnerDatabases:105 - 在底层库 0 执行 SQL 命令失败：SELECT * FROM meta_db.zql_tables Db = db_1 and true，错误原因：
cn.edu.bit.linc.zql.exceptions.ZQLCommandExecutionError: You have an error in your SQL syntax; check the manual that corresponds to your MySQL server version for the right syntax to use near '= db_1 and true' at line 1
	at cn.edu.bit.linc.zql.command.SQLCommandManager.execute(SQLCommandManager.java:104)
	at cn.edu.bit.linc.zql.ZQLContext.executeSQL(ZQLContext.java:35)
	at cn.edu.bit.linc.zql.ZQLContext.main(ZQLContext.java:74)
2015-07-29 16:33:15 INFO  ZQLContext:29 - 正在初始化系统模块
2015-07-29 16:33:15 INFO  ZQLSession:28 - 用户 ihainan 于 Wed Jul 29 16:33:15 CST 2015 创建新会话，连接到数据库 db_1
2015-07-29 16:33:15 INFO  MetaDatabase:81 - 正在从配置文件中读取元数据库信息
2015-07-29 16:33:15 INFO  MetaDatabase:103 - 正在创建元数据库
2015-07-29 16:33:15 INFO  InnerDatabases:55 - 正在从配置文件中读取底层库信息
2015-07-29 16:33:15 INFO  MLog:80 - MLog clients using log4j logging.
2015-07-29 16:33:15 INFO  C3P0Registry:204 - Initializing c3p0-0.9.1.2 [built 21-May-2007 15:04:56; debug? true; trace: 10]
2015-07-29 16:33:15 INFO  AbstractPoolBackedDataSource:462 - Initializing c3p0 pool... com.mchange.v2.c3p0.ComboPooledDataSource [ acquireIncrement -> 5, acquireRetryAttempts -> 30, acquireRetryDelay -> 1000, autoCommitOnClose -> false, automaticTestTable -> null, breakAfterAcquireFailure -> false, checkoutTimeout -> 0, connectionCustomizerClassName -> null, connectionTesterClassName -> com.mchange.v2.c3p0.impl.DefaultConnectionTester, dataSourceName -> 1hgeby99a1o6zsxzt57j59|1d48085, debugUnreturnedConnectionStackTraces -> false, description -> null, driverClass -> com.mysql.jdbc.Driver, factoryClassLocation -> null, forceIgnoreUnresolvedTransactions -> false, identityToken -> 1hgeby99a1o6zsxzt57j59|1d48085, idleConnectionTestPeriod -> 0, initialPoolSize -> 3, jdbcUrl -> jdbc:mysql://localhost:8889/, maxAdministrativeTaskTime -> 0, maxConnectionAge -> 0, maxIdleTime -> 0, maxIdleTimeExcessConnections -> 0, maxPoolSize -> 20, maxStatements -> 180, maxStatementsPerConnection -> 0, minPoolSize -> 5, numHelperThreads -> 3, numThreadsAwaitingCheckoutDefaultUser -> 0, preferredTestQuery -> null, properties -> {user=******, password=******}, propertyCycle -> 0, testConnectionOnCheckin -> false, testConnectionOnCheckout -> false, unreturnedConnectionTimeout -> 0, usesTraditionalReflectiveProxies -> false ]
2015-07-29 16:33:16 ERROR InnerDatabases:105 - 在底层库 0 执行 SQL 命令失败：SELECT * FROM meta_db.zql_tables WHERE Db = db_1 and true，错误原因：
cn.edu.bit.linc.zql.exceptions.ZQLCommandExecutionError: Unknown column 'db_1' in 'where clause'
	at cn.edu.bit.linc.zql.command.SQLCommandManager.execute(SQLCommandManager.java:104)
	at cn.edu.bit.linc.zql.ZQLContext.executeSQL(ZQLContext.java:35)
	at cn.edu.bit.linc.zql.ZQLContext.main(ZQLContext.java:74)
	at sun.reflect.NativeMethodAccessorImpl.invoke0(Native Method)
	at sun.reflect.NativeMethodAccessorImpl.invoke(NativeMethodAccessorImpl.java:57)
	at sun.reflect.DelegatingMethodAccessorImpl.invoke(DelegatingMethodAccessorImpl.java:43)
	at java.lang.reflect.Method.invoke(Method.java:606)
	at com.intellij.rt.execution.application.AppMain.main(AppMain.java:134)
2015-07-29 16:34:36 INFO  ZQLContext:29 - 正在初始化系统模块
2015-07-29 16:34:36 INFO  ZQLSession:28 - 用户 ihainan 于 Wed Jul 29 16:34:36 CST 2015 创建新会话，连接到数据库 db_1
2015-07-29 16:34:36 INFO  MetaDatabase:81 - 正在从配置文件中读取元数据库信息
2015-07-29 16:34:36 INFO  MetaDatabase:103 - 正在创建元数据库
2015-07-29 16:34:36 INFO  InnerDatabases:55 - 正在从配置文件中读取底层库信息
2015-07-29 16:34:36 INFO  MLog:80 - MLog clients using log4j logging.
2015-07-29 16:34:36 INFO  C3P0Registry:204 - Initializing c3p0-0.9.1.2 [built 21-May-2007 15:04:56; debug? true; trace: 10]
2015-07-29 16:34:37 INFO  AbstractPoolBackedDataSource:462 - Initializing c3p0 pool... com.mchange.v2.c3p0.ComboPooledDataSource [ acquireIncrement -> 5, acquireRetryAttempts -> 30, acquireRetryDelay -> 1000, autoCommitOnClose -> false, automaticTestTable -> null, breakAfterAcquireFailure -> false, checkoutTimeout -> 0, connectionCustomizerClassName -> null, connectionTesterClassName -> com.mchange.v2.c3p0.impl.DefaultConnectionTester, dataSourceName -> 1hgeby99a1o71jmku30o9b|72fa3f1b, debugUnreturnedConnectionStackTraces -> false, description -> null, driverClass -> com.mysql.jdbc.Driver, factoryClassLocation -> null, forceIgnoreUnresolvedTransactions -> false, identityToken -> 1hgeby99a1o71jmku30o9b|72fa3f1b, idleConnectionTestPeriod -> 0, initialPoolSize -> 3, jdbcUrl -> jdbc:mysql://localhost:8889/, maxAdministrativeTaskTime -> 0, maxConnectionAge -> 0, maxIdleTime -> 0, maxIdleTimeExcessConnections -> 0, maxPoolSize -> 20, maxStatements -> 180, maxStatementsPerConnection -> 0, minPoolSize -> 5, numHelperThreads -> 3, numThreadsAwaitingCheckoutDefaultUser -> 0, preferredTestQuery -> null, properties -> {user=******, password=******}, propertyCycle -> 0, testConnectionOnCheckin -> false, testConnectionOnCheckout -> false, unreturnedConnectionTimeout -> 0, usesTraditionalReflectiveProxies -> false ]
2015-07-29 16:36:31 INFO  ZQLContext:29 - 正在初始化系统模块
2015-07-29 16:36:31 INFO  ZQLSession:28 - 用户 ihainan 于 Wed Jul 29 16:36:31 CST 2015 创建新会话，连接到数据库 db_1
2015-07-29 16:36:31 INFO  MetaDatabase:81 - 正在从配置文件中读取元数据库信息
2015-07-29 16:36:31 INFO  MetaDatabase:103 - 正在创建元数据库
2015-07-29 16:36:31 INFO  InnerDatabases:55 - 正在从配置文件中读取底层库信息
2015-07-29 16:36:31 INFO  MLog:80 - MLog clients using log4j logging.
2015-07-29 16:36:32 INFO  C3P0Registry:204 - Initializing c3p0-0.9.1.2 [built 21-May-2007 15:04:56; debug? true; trace: 10]
2015-07-29 16:36:32 INFO  AbstractPoolBackedDataSource:462 - Initializing c3p0 pool... com.mchange.v2.c3p0.ComboPooledDataSource [ acquireIncrement -> 5, acquireRetryAttempts -> 30, acquireRetryDelay -> 1000, autoCommitOnClose -> false, automaticTestTable -> null, breakAfterAcquireFailure -> false, checkoutTimeout -> 0, connectionCustomizerClassName -> null, connectionTesterClassName -> com.mchange.v2.c3p0.impl.DefaultConnectionTester, dataSourceName -> 1hgeby99a1o740gf1c22l4i|1d96bf64, debugUnreturnedConnectionStackTraces -> false, description -> null, driverClass -> com.mysql.jdbc.Driver, factoryClassLocation -> null, forceIgnoreUnresolvedTransactions -> false, identityToken -> 1hgeby99a1o740gf1c22l4i|1d96bf64, idleConnectionTestPeriod -> 0, initialPoolSize -> 3, jdbcUrl -> jdbc:mysql://localhost:8889/, maxAdministrativeTaskTime -> 0, maxConnectionAge -> 0, maxIdleTime -> 0, maxIdleTimeExcessConnections -> 0, maxPoolSize -> 20, maxStatements -> 180, maxStatementsPerConnection -> 0, minPoolSize -> 5, numHelperThreads -> 3, numThreadsAwaitingCheckoutDefaultUser -> 0, preferredTestQuery -> null, properties -> {user=******, password=******}, propertyCycle -> 0, testConnectionOnCheckin -> false, testConnectionOnCheckout -> false, unreturnedConnectionTimeout -> 0, usesTraditionalReflectiveProxies -> false ]
2015-07-29 16:36:58 INFO  ZQLContext:29 - 正在初始化系统模块
2015-07-29 16:36:58 INFO  ZQLSession:28 - 用户 ihainan 于 Wed Jul 29 16:36:58 CST 2015 创建新会话，连接到数据库 db_1
2015-07-29 16:36:58 INFO  MetaDatabase:81 - 正在从配置文件中读取元数据库信息
2015-07-29 16:36:58 INFO  MetaDatabase:103 - 正在创建元数据库
2015-07-29 16:36:58 INFO  InnerDatabases:55 - 正在从配置文件中读取底层库信息
2015-07-29 16:36:58 INFO  MLog:80 - MLog clients using log4j logging.
2015-07-29 16:36:59 INFO  C3P0Registry:204 - Initializing c3p0-0.9.1.2 [built 21-May-2007 15:04:56; debug? true; trace: 10]
2015-07-29 16:36:59 INFO  AbstractPoolBackedDataSource:462 - Initializing c3p0 pool... com.mchange.v2.c3p0.ComboPooledDataSource [ acquireIncrement -> 5, acquireRetryAttempts -> 30, acquireRetryDelay -> 1000, autoCommitOnClose -> false, automaticTestTable -> null, breakAfterAcquireFailure -> false, checkoutTimeout -> 0, connectionCustomizerClassName -> null, connectionTesterClassName -> com.mchange.v2.c3p0.impl.DefaultConnectionTester, dataSourceName -> 1hgeby99a1o74lba139fpl3|1d96bf64, debugUnreturnedConnectionStackTraces -> false, description -> null, driverClass -> com.mysql.jdbc.Driver, factoryClassLocation -> null, forceIgnoreUnresolvedTransactions -> false, identityToken -> 1hgeby99a1o74lba139fpl3|1d96bf64, idleConnectionTestPeriod -> 0, initialPoolSize -> 3, jdbcUrl -> jdbc:mysql://localhost:8889/, maxAdministrativeTaskTime -> 0, maxConnectionAge -> 0, maxIdleTime -> 0, maxIdleTimeExcessConnections -> 0, maxPoolSize -> 20, maxStatements -> 180, maxStatementsPerConnection -> 0, minPoolSize -> 5, numHelperThreads -> 3, numThreadsAwaitingCheckoutDefaultUser -> 0, preferredTestQuery -> null, properties -> {user=******, password=******}, propertyCycle -> 0, testConnectionOnCheckin -> false, testConnectionOnCheckout -> false, unreturnedConnectionTimeout -> 0, usesTraditionalReflectiveProxies -> false ]
2015-07-29 16:37:29 INFO  ZQLContext:29 - 正在初始化系统模块
2015-07-29 16:37:29 INFO  ZQLSession:28 - 用户 ihainan 于 Wed Jul 29 16:37:29 CST 2015 创建新会话，连接到数据库 db_1
2015-07-29 16:37:29 INFO  MetaDatabase:81 - 正在从配置文件中读取元数据库信息
2015-07-29 16:37:29 INFO  MetaDatabase:103 - 正在创建元数据库
2015-07-29 16:37:29 INFO  InnerDatabases:55 - 正在从配置文件中读取底层库信息
2015-07-29 16:37:29 INFO  MLog:80 - MLog clients using log4j logging.
2015-07-29 16:37:30 INFO  C3P0Registry:204 - Initializing c3p0-0.9.1.2 [built 21-May-2007 15:04:56; debug? true; trace: 10]
2015-07-29 16:37:30 INFO  AbstractPoolBackedDataSource:462 - Initializing c3p0 pool... com.mchange.v2.c3p0.ComboPooledDataSource [ acquireIncrement -> 5, acquireRetryAttempts -> 30, acquireRetryDelay -> 1000, autoCommitOnClose -> false, automaticTestTable -> null, breakAfterAcquireFailure -> false, checkoutTimeout -> 0, connectionCustomizerClassName -> null, connectionTesterClassName -> com.mchange.v2.c3p0.impl.DefaultConnectionTester, dataSourceName -> 1hgeby99a1o7598d1d3hbzt|43c332b8, debugUnreturnedConnectionStackTraces -> false, description -> null, driverClass -> com.mysql.jdbc.Driver, factoryClassLocation -> null, forceIgnoreUnresolvedTransactions -> false, identityToken -> 1hgeby99a1o7598d1d3hbzt|43c332b8, idleConnectionTestPeriod -> 0, initialPoolSize -> 3, jdbcUrl -> jdbc:mysql://localhost:8889/, maxAdministrativeTaskTime -> 0, maxConnectionAge -> 0, maxIdleTime -> 0, maxIdleTimeExcessConnections -> 0, maxPoolSize -> 20, maxStatements -> 180, maxStatementsPerConnection -> 0, minPoolSize -> 5, numHelperThreads -> 3, numThreadsAwaitingCheckoutDefaultUser -> 0, preferredTestQuery -> null, properties -> {user=******, password=******}, propertyCycle -> 0, testConnectionOnCheckin -> false, testConnectionOnCheckout -> false, unreturnedConnectionTimeout -> 0, usesTraditionalReflectiveProxies -> false ]
2015-07-29 16:39:01 INFO  ZQLContext:29 - 正在初始化系统模块
2015-07-29 16:39:01 INFO  ZQLSession:28 - 用户 ihainan 于 Wed Jul 29 16:39:01 CST 2015 创建新会话，连接到数据库 db_1
2015-07-29 16:39:01 INFO  MetaDatabase:81 - 正在从配置文件中读取元数据库信息
2015-07-29 16:39:01 INFO  MetaDatabase:103 - 正在创建元数据库
2015-07-29 16:39:01 INFO  InnerDatabases:55 - 正在从配置文件中读取底层库信息
2015-07-29 16:39:01 INFO  MLog:80 - MLog clients using log4j logging.
2015-07-29 16:39:02 INFO  C3P0Registry:204 - Initializing c3p0-0.9.1.2 [built 21-May-2007 15:04:56; debug? true; trace: 10]
2015-07-29 16:39:02 INFO  AbstractPoolBackedDataSource:462 - Initializing c3p0 pool... com.mchange.v2.c3p0.ComboPooledDataSource [ acquireIncrement -> 5, acquireRetryAttempts -> 30, acquireRetryDelay -> 1000, autoCommitOnClose -> false, automaticTestTable -> null, breakAfterAcquireFailure -> false, checkoutTimeout -> 0, connectionCustomizerClassName -> null, connectionTesterClassName -> com.mchange.v2.c3p0.impl.DefaultConnectionTester, dataSourceName -> 1hgeby99a1o778an5g591|455abe01, debugUnreturnedConnectionStackTraces -> false, description -> null, driverClass -> com.mysql.jdbc.Driver, factoryClassLocation -> null, forceIgnoreUnresolvedTransactions -> false, identityToken -> 1hgeby99a1o778an5g591|455abe01, idleConnectionTestPeriod -> 0, initialPoolSize -> 3, jdbcUrl -> jdbc:mysql://localhost:8889/, maxAdministrativeTaskTime -> 0, maxConnectionAge -> 0, maxIdleTime -> 0, maxIdleTimeExcessConnections -> 0, maxPoolSize -> 20, maxStatements -> 180, maxStatementsPerConnection -> 0, minPoolSize -> 5, numHelperThreads -> 3, numThreadsAwaitingCheckoutDefaultUser -> 0, preferredTestQuery -> null, properties -> {user=******, password=******}, propertyCycle -> 0, testConnectionOnCheckin -> false, testConnectionOnCheckout -> false, unreturnedConnectionTimeout -> 0, usesTraditionalReflectiveProxies -> false ]
2015-07-29 16:43:42 INFO  ZQLContext:29 - 正在初始化系统模块
2015-07-29 16:43:42 INFO  ZQLSession:28 - 用户 ihainan 于 Wed Jul 29 16:43:42 CST 2015 创建新会话，连接到数据库 db_1
2015-07-29 16:43:42 INFO  MetaDatabase:81 - 正在从配置文件中读取元数据库信息
2015-07-29 16:43:42 INFO  MetaDatabase:103 - 正在创建元数据库
2015-07-29 16:43:42 INFO  InnerDatabases:55 - 正在从配置文件中读取底层库信息
2015-07-29 16:43:42 INFO  MLog:80 - MLog clients using log4j logging.
2015-07-29 16:43:42 INFO  C3P0Registry:204 - Initializing c3p0-0.9.1.2 [built 21-May-2007 15:04:56; debug? true; trace: 10]
2015-07-29 16:43:42 INFO  AbstractPoolBackedDataSource:462 - Initializing c3p0 pool... com.mchange.v2.c3p0.ComboPooledDataSource [ acquireIncrement -> 5, acquireRetryAttempts -> 30, acquireRetryDelay -> 1000, autoCommitOnClose -> false, automaticTestTable -> null, breakAfterAcquireFailure -> false, checkoutTimeout -> 0, connectionCustomizerClassName -> null, connectionTesterClassName -> com.mchange.v2.c3p0.impl.DefaultConnectionTester, dataSourceName -> 1hgeby99a1o7d8slw5xffj|13ef4d69, debugUnreturnedConnectionStackTraces -> false, description -> null, driverClass -> com.mysql.jdbc.Driver, factoryClassLocation -> null, forceIgnoreUnresolvedTransactions -> false, identityToken -> 1hgeby99a1o7d8slw5xffj|13ef4d69, idleConnectionTestPeriod -> 0, initialPoolSize -> 3, jdbcUrl -> jdbc:mysql://localhost:8889/, maxAdministrativeTaskTime -> 0, maxConnectionAge -> 0, maxIdleTime -> 0, maxIdleTimeExcessConnections -> 0, maxPoolSize -> 20, maxStatements -> 180, maxStatementsPerConnection -> 0, minPoolSize -> 5, numHelperThreads -> 3, numThreadsAwaitingCheckoutDefaultUser -> 0, preferredTestQuery -> null, properties -> {user=******, password=******}, propertyCycle -> 0, testConnectionOnCheckin -> false, testConnectionOnCheckout -> false, unreturnedConnectionTimeout -> 0, usesTraditionalReflectiveProxies -> false ]
2015-07-29 16:45:56 INFO  ZQLContext:29 - 正在初始化系统模块
2015-07-29 16:45:56 INFO  ZQLSession:28 - 用户 ihainan 于 Wed Jul 29 16:45:56 CST 2015 创建新会话，连接到数据库 db_1
2015-07-29 16:45:56 INFO  MetaDatabase:81 - 正在从配置文件中读取元数据库信息
2015-07-29 16:45:56 INFO  MetaDatabase:103 - 正在创建元数据库
2015-07-29 16:45:56 INFO  InnerDatabases:55 - 正在从配置文件中读取底层库信息
2015-07-29 16:45:56 INFO  MLog:80 - MLog clients using log4j logging.
2015-07-29 16:45:57 INFO  C3P0Registry:204 - Initializing c3p0-0.9.1.2 [built 21-May-2007 15:04:56; debug? true; trace: 10]
2015-07-29 16:45:57 INFO  AbstractPoolBackedDataSource:462 - Initializing c3p0 pool... com.mchange.v2.c3p0.ComboPooledDataSource [ acquireIncrement -> 5, acquireRetryAttempts -> 30, acquireRetryDelay -> 1000, autoCommitOnClose -> false, automaticTestTable -> null, breakAfterAcquireFailure -> false, checkoutTimeout -> 0, connectionCustomizerClassName -> null, connectionTesterClassName -> com.mchange.v2.c3p0.impl.DefaultConnectionTester, dataSourceName -> 1hgeby99a1o7g4l81g4x1jl|43c332b8, debugUnreturnedConnectionStackTraces -> false, description -> null, driverClass -> com.mysql.jdbc.Driver, factoryClassLocation -> null, forceIgnoreUnresolvedTransactions -> false, identityToken -> 1hgeby99a1o7g4l81g4x1jl|43c332b8, idleConnectionTestPeriod -> 0, initialPoolSize -> 3, jdbcUrl -> jdbc:mysql://localhost:8889/, maxAdministrativeTaskTime -> 0, maxConnectionAge -> 0, maxIdleTime -> 0, maxIdleTimeExcessConnections -> 0, maxPoolSize -> 20, maxStatements -> 180, maxStatementsPerConnection -> 0, minPoolSize -> 5, numHelperThreads -> 3, numThreadsAwaitingCheckoutDefaultUser -> 0, preferredTestQuery -> null, properties -> {user=******, password=******}, propertyCycle -> 0, testConnectionOnCheckin -> false, testConnectionOnCheckout -> false, unreturnedConnectionTimeout -> 0, usesTraditionalReflectiveProxies -> false ]
2015-07-29 16:49:48 INFO  ZQLContext:29 - 正在初始化系统模块
2015-07-29 16:49:48 INFO  ZQLSession:28 - 用户 ihainan 于 Wed Jul 29 16:49:48 CST 2015 创建新会话，连接到数据库 db_1
2015-07-29 16:49:48 INFO  MetaDatabase:81 - 正在从配置文件中读取元数据库信息
2015-07-29 16:49:48 INFO  MetaDatabase:103 - 正在创建元数据库
2015-07-29 16:49:48 INFO  InnerDatabases:55 - 正在从配置文件中读取底层库信息
2015-07-29 16:49:48 INFO  MLog:80 - MLog clients using log4j logging.
2015-07-29 16:49:49 INFO  C3P0Registry:204 - Initializing c3p0-0.9.1.2 [built 21-May-2007 15:04:56; debug? true; trace: 10]
2015-07-29 16:49:49 INFO  AbstractPoolBackedDataSource:462 - Initializing c3p0 pool... com.mchange.v2.c3p0.ComboPooledDataSource [ acquireIncrement -> 5, acquireRetryAttempts -> 30, acquireRetryDelay -> 1000, autoCommitOnClose -> false, automaticTestTable -> null, breakAfterAcquireFailure -> false, checkoutTimeout -> 0, connectionCustomizerClassName -> null, connectionTesterClassName -> com.mchange.v2.c3p0.impl.DefaultConnectionTester, dataSourceName -> 1hgeby99a1o7l3hkrq5gob|26419cb3, debugUnreturnedConnectionStackTraces -> false, description -> null, driverClass -> com.mysql.jdbc.Driver, factoryClassLocation -> null, forceIgnoreUnresolvedTransactions -> false, identityToken -> 1hgeby99a1o7l3hkrq5gob|26419cb3, idleConnectionTestPeriod -> 0, initialPoolSize -> 3, jdbcUrl -> jdbc:mysql://localhost:8889/, maxAdministrativeTaskTime -> 0, maxConnectionAge -> 0, maxIdleTime -> 0, maxIdleTimeExcessConnections -> 0, maxPoolSize -> 20, maxStatements -> 180, maxStatementsPerConnection -> 0, minPoolSize -> 5, numHelperThreads -> 3, numThreadsAwaitingCheckoutDefaultUser -> 0, preferredTestQuery -> null, properties -> {user=******, password=******}, propertyCycle -> 0, testConnectionOnCheckin -> false, testConnectionOnCheckout -> false, unreturnedConnectionTimeout -> 0, usesTraditionalReflectiveProxies -> false ]
2015-07-29 16:51:29 INFO  ZQLContext:29 - 正在初始化系统模块
2015-07-29 16:51:29 INFO  ZQLSession:28 - 用户 ihainan 于 Wed Jul 29 16:51:29 CST 2015 创建新会话，连接到数据库 db_1
2015-07-29 16:51:29 INFO  MetaDatabase:81 - 正在从配置文件中读取元数据库信息
2015-07-29 16:51:29 INFO  MetaDatabase:103 - 正在创建元数据库
2015-07-29 16:51:29 INFO  InnerDatabases:55 - 正在从配置文件中读取底层库信息
2015-07-29 16:51:29 INFO  MLog:80 - MLog clients using log4j logging.
2015-07-29 16:51:29 INFO  C3P0Registry:204 - Initializing c3p0-0.9.1.2 [built 21-May-2007 15:04:56; debug? true; trace: 10]
2015-07-29 16:51:30 INFO  AbstractPoolBackedDataSource:462 - Initializing c3p0 pool... com.mchange.v2.c3p0.ComboPooledDataSource [ acquireIncrement -> 5, acquireRetryAttempts -> 30, acquireRetryDelay -> 1000, autoCommitOnClose -> false, automaticTestTable -> null, breakAfterAcquireFailure -> false, checkoutTimeout -> 0, connectionCustomizerClassName -> null, connectionTesterClassName -> com.mchange.v2.c3p0.impl.DefaultConnectionTester, dataSourceName -> 1hgeby99a1o7n99616dmb9q|1d96bf64, debugUnreturnedConnectionStackTraces -> false, description -> null, driverClass -> com.mysql.jdbc.Driver, factoryClassLocation -> null, forceIgnoreUnresolvedTransactions -> false, identityToken -> 1hgeby99a1o7n99616dmb9q|1d96bf64, idleConnectionTestPeriod -> 0, initialPoolSize -> 3, jdbcUrl -> jdbc:mysql://localhost:8889/, maxAdministrativeTaskTime -> 0, maxConnectionAge -> 0, maxIdleTime -> 0, maxIdleTimeExcessConnections -> 0, maxPoolSize -> 20, maxStatements -> 180, maxStatementsPerConnection -> 0, minPoolSize -> 5, numHelperThreads -> 3, numThreadsAwaitingCheckoutDefaultUser -> 0, preferredTestQuery -> null, properties -> {user=******, password=******}, propertyCycle -> 0, testConnectionOnCheckin -> false, testConnectionOnCheckout -> false, unreturnedConnectionTimeout -> 0, usesTraditionalReflectiveProxies -> false ]
2015-07-29 16:51:31 ERROR InnerDatabases:105 - 在底层库 0 执行 SQL 命令失败：SELECT * FROM meta_db.zql_tables WHERE Db = 'db_1 and true，错误原因：
cn.edu.bit.linc.zql.exceptions.ZQLCommandExecutionError: You have an error in your SQL syntax; check the manual that corresponds to your MySQL server version for the right syntax to use near ''db_1 and true' at line 1
	at cn.edu.bit.linc.zql.command.SQLCommandManager.execute(SQLCommandManager.java:104)
	at cn.edu.bit.linc.zql.ZQLContext.executeSQL(ZQLContext.java:35)
	at cn.edu.bit.linc.zql.ZQLContext.main(ZQLContext.java:74)
	at sun.reflect.NativeMethodAccessorImpl.invoke0(Native Method)
	at sun.reflect.NativeMethodAccessorImpl.invoke(NativeMethodAccessorImpl.java:57)
	at sun.reflect.DelegatingMethodAccessorImpl.invoke(DelegatingMethodAccessorImpl.java:43)
	at java.lang.reflect.Method.invoke(Method.java:606)
	at com.intellij.rt.execution.application.AppMain.main(AppMain.java:134)
2015-07-29 16:52:39 INFO  ZQLContext:29 - 正在初始化系统模块
2015-07-29 16:52:39 INFO  ZQLSession:28 - 用户 ihainan 于 Wed Jul 29 16:52:39 CST 2015 创建新会话，连接到数据库 db_1
2015-07-29 16:52:39 INFO  MetaDatabase:81 - 正在从配置文件中读取元数据库信息
2015-07-29 16:52:39 INFO  MetaDatabase:103 - 正在创建元数据库
2015-07-29 16:52:39 INFO  InnerDatabases:55 - 正在从配置文件中读取底层库信息
2015-07-29 16:52:39 INFO  MLog:80 - MLog clients using log4j logging.
2015-07-29 16:52:39 INFO  C3P0Registry:204 - Initializing c3p0-0.9.1.2 [built 21-May-2007 15:04:56; debug? true; trace: 10]
2015-07-29 16:52:40 INFO  AbstractPoolBackedDataSource:462 - Initializing c3p0 pool... com.mchange.v2.c3p0.ComboPooledDataSource [ acquireIncrement -> 5, acquireRetryAttempts -> 30, acquireRetryDelay -> 1000, autoCommitOnClose -> false, automaticTestTable -> null, breakAfterAcquireFailure -> false, checkoutTimeout -> 0, connectionCustomizerClassName -> null, connectionTesterClassName -> com.mchange.v2.c3p0.impl.DefaultConnectionTester, dataSourceName -> 1hgeby99a1o7or7s25xd5y|43c332b8, debugUnreturnedConnectionStackTraces -> false, description -> null, driverClass -> com.mysql.jdbc.Driver, factoryClassLocation -> null, forceIgnoreUnresolvedTransactions -> false, identityToken -> 1hgeby99a1o7or7s25xd5y|43c332b8, idleConnectionTestPeriod -> 0, initialPoolSize -> 3, jdbcUrl -> jdbc:mysql://localhost:8889/, maxAdministrativeTaskTime -> 0, maxConnectionAge -> 0, maxIdleTime -> 0, maxIdleTimeExcessConnections -> 0, maxPoolSize -> 20, maxStatements -> 180, maxStatementsPerConnection -> 0, minPoolSize -> 5, numHelperThreads -> 3, numThreadsAwaitingCheckoutDefaultUser -> 0, preferredTestQuery -> null, properties -> {user=******, password=******}, propertyCycle -> 0, testConnectionOnCheckin -> false, testConnectionOnCheckout -> false, unreturnedConnectionTimeout -> 0, usesTraditionalReflectiveProxies -> false ]
2015-07-29 16:53:15 INFO  ZQLContext:29 - 正在初始化系统模块
2015-07-29 16:53:16 INFO  ZQLSession:28 - 用户 ihainan 于 Wed Jul 29 16:53:16 CST 2015 创建新会话，连接到数据库 db_1
2015-07-29 16:53:16 INFO  MetaDatabase:81 - 正在从配置文件中读取元数据库信息
2015-07-29 16:53:16 INFO  MetaDatabase:103 - 正在创建元数据库
2015-07-29 16:53:16 INFO  InnerDatabases:55 - 正在从配置文件中读取底层库信息
2015-07-29 16:53:16 INFO  MLog:80 - MLog clients using log4j logging.
2015-07-29 16:53:16 INFO  C3P0Registry:204 - Initializing c3p0-0.9.1.2 [built 21-May-2007 15:04:56; debug? true; trace: 10]
2015-07-29 16:53:16 INFO  AbstractPoolBackedDataSource:462 - Initializing c3p0 pool... com.mchange.v2.c3p0.ComboPooledDataSource [ acquireIncrement -> 5, acquireRetryAttempts -> 30, acquireRetryDelay -> 1000, autoCommitOnClose -> false, automaticTestTable -> null, breakAfterAcquireFailure -> false, checkoutTimeout -> 0, connectionCustomizerClassName -> null, connectionTesterClassName -> com.mchange.v2.c3p0.impl.DefaultConnectionTester, dataSourceName -> 1hgeby99a1o7pjf11g24vh7|1d48085, debugUnreturnedConnectionStackTraces -> false, description -> null, driverClass -> com.mysql.jdbc.Driver, factoryClassLocation -> null, forceIgnoreUnresolvedTransactions -> false, identityToken -> 1hgeby99a1o7pjf11g24vh7|1d48085, idleConnectionTestPeriod -> 0, initialPoolSize -> 3, jdbcUrl -> jdbc:mysql://localhost:8889/, maxAdministrativeTaskTime -> 0, maxConnectionAge -> 0, maxIdleTime -> 0, maxIdleTimeExcessConnections -> 0, maxPoolSize -> 20, maxStatements -> 180, maxStatementsPerConnection -> 0, minPoolSize -> 5, numHelperThreads -> 3, numThreadsAwaitingCheckoutDefaultUser -> 0, preferredTestQuery -> null, properties -> {user=******, password=******}, propertyCycle -> 0, testConnectionOnCheckin -> false, testConnectionOnCheckout -> false, unreturnedConnectionTimeout -> 0, usesTraditionalReflectiveProxies -> false ]
2015-07-29 16:53:39 INFO  ZQLContext:29 - 正在初始化系统模块
2015-07-29 16:53:39 INFO  ZQLSession:28 - 用户 ihainan 于 Wed Jul 29 16:53:39 CST 2015 创建新会话，连接到数据库 db_1
2015-07-29 16:53:39 INFO  MetaDatabase:81 - 正在从配置文件中读取元数据库信息
2015-07-29 16:53:39 INFO  MetaDatabase:103 - 正在创建元数据库
2015-07-29 16:53:39 INFO  InnerDatabases:55 - 正在从配置文件中读取底层库信息
2015-07-29 16:53:40 INFO  MLog:80 - MLog clients using log4j logging.
2015-07-29 16:53:40 INFO  C3P0Registry:204 - Initializing c3p0-0.9.1.2 [built 21-May-2007 15:04:56; debug? true; trace: 10]
2015-07-29 16:53:40 INFO  AbstractPoolBackedDataSource:462 - Initializing c3p0 pool... com.mchange.v2.c3p0.ComboPooledDataSource [ acquireIncrement -> 5, acquireRetryAttempts -> 30, acquireRetryDelay -> 1000, autoCommitOnClose -> false, automaticTestTable -> null, breakAfterAcquireFailure -> false, checkoutTimeout -> 0, connectionCustomizerClassName -> null, connectionTesterClassName -> com.mchange.v2.c3p0.impl.DefaultConnectionTester, dataSourceName -> 1hgeby99a1o7q1s213pb5s9|3d3579e0, debugUnreturnedConnectionStackTraces -> false, description -> null, driverClass -> com.mysql.jdbc.Driver, factoryClassLocation -> null, forceIgnoreUnresolvedTransactions -> false, identityToken -> 1hgeby99a1o7q1s213pb5s9|3d3579e0, idleConnectionTestPeriod -> 0, initialPoolSize -> 3, jdbcUrl -> jdbc:mysql://localhost:8889/, maxAdministrativeTaskTime -> 0, maxConnectionAge -> 0, maxIdleTime -> 0, maxIdleTimeExcessConnections -> 0, maxPoolSize -> 20, maxStatements -> 180, maxStatementsPerConnection -> 0, minPoolSize -> 5, numHelperThreads -> 3, numThreadsAwaitingCheckoutDefaultUser -> 0, preferredTestQuery -> null, properties -> {user=******, password=******}, propertyCycle -> 0, testConnectionOnCheckin -> false, testConnectionOnCheckout -> false, unreturnedConnectionTimeout -> 0, usesTraditionalReflectiveProxies -> false ]
2015-07-29 16:53:47 INFO  ZQLContext:29 - 正在初始化系统模块
2015-07-29 16:53:48 INFO  ZQLSession:28 - 用户 ihainan 于 Wed Jul 29 16:53:48 CST 2015 创建新会话，连接到数据库 db_1
2015-07-29 16:53:48 INFO  MetaDatabase:81 - 正在从配置文件中读取元数据库信息
2015-07-29 16:53:48 INFO  MetaDatabase:103 - 正在创建元数据库
2015-07-29 16:53:48 INFO  InnerDatabases:55 - 正在从配置文件中读取底层库信息
2015-07-29 16:53:48 INFO  MLog:80 - MLog clients using log4j logging.
2015-07-29 16:53:48 INFO  C3P0Registry:204 - Initializing c3p0-0.9.1.2 [built 21-May-2007 15:04:56; debug? true; trace: 10]
2015-07-29 16:53:48 INFO  AbstractPoolBackedDataSource:462 - Initializing c3p0 pool... com.mchange.v2.c3p0.ComboPooledDataSource [ acquireIncrement -> 5, acquireRetryAttempts -> 30, acquireRetryDelay -> 1000, autoCommitOnClose -> false, automaticTestTable -> null, breakAfterAcquireFailure -> false, checkoutTimeout -> 0, connectionCustomizerClassName -> null, connectionTesterClassName -> com.mchange.v2.c3p0.impl.DefaultConnectionTester, dataSourceName -> 1hgeby99a1o7q82l1daz8tx|1d96bf64, debugUnreturnedConnectionStackTraces -> false, description -> null, driverClass -> com.mysql.jdbc.Driver, factoryClassLocation -> null, forceIgnoreUnresolvedTransactions -> false, identityToken -> 1hgeby99a1o7q82l1daz8tx|1d96bf64, idleConnectionTestPeriod -> 0, initialPoolSize -> 3, jdbcUrl -> jdbc:mysql://localhost:8889/, maxAdministrativeTaskTime -> 0, maxConnectionAge -> 0, maxIdleTime -> 0, maxIdleTimeExcessConnections -> 0, maxPoolSize -> 20, maxStatements -> 180, maxStatementsPerConnection -> 0, minPoolSize -> 5, numHelperThreads -> 3, numThreadsAwaitingCheckoutDefaultUser -> 0, preferredTestQuery -> null, properties -> {user=******, password=******}, propertyCycle -> 0, testConnectionOnCheckin -> false, testConnectionOnCheckout -> false, unreturnedConnectionTimeout -> 0, usesTraditionalReflectiveProxies -> false ]
2015-07-29 16:53:49 ERROR InnerDatabases:105 - 在底层库 0 执行 SQL 命令失败：SELECT * FROM meta_db.zql_dbs WHERE Db LIKE ''db%''，错误原因：
cn.edu.bit.linc.zql.exceptions.ZQLCommandExecutionError: You have an error in your SQL syntax; check the manual that corresponds to your MySQL server version for the right syntax to use near 'db%''' at line 1
	at cn.edu.bit.linc.zql.command.SQLCommandManager.execute(SQLCommandManager.java:104)
	at cn.edu.bit.linc.zql.ZQLContext.executeSQL(ZQLContext.java:35)
	at cn.edu.bit.linc.zql.ZQLContext.main(ZQLContext.java:77)
	at sun.reflect.NativeMethodAccessorImpl.invoke0(Native Method)
	at sun.reflect.NativeMethodAccessorImpl.invoke(NativeMethodAccessorImpl.java:57)
	at sun.reflect.DelegatingMethodAccessorImpl.invoke(DelegatingMethodAccessorImpl.java:43)
	at java.lang.reflect.Method.invoke(Method.java:606)
	at com.intellij.rt.execution.application.AppMain.main(AppMain.java:134)
2015-07-29 16:54:00 INFO  ZQLContext:29 - 正在初始化系统模块
2015-07-29 16:54:00 INFO  ZQLSession:28 - 用户 ihainan 于 Wed Jul 29 16:54:00 CST 2015 创建新会话，连接到数据库 db_1
2015-07-29 16:54:00 INFO  MetaDatabase:81 - 正在从配置文件中读取元数据库信息
2015-07-29 16:54:00 INFO  MetaDatabase:103 - 正在创建元数据库
2015-07-29 16:54:00 INFO  InnerDatabases:55 - 正在从配置文件中读取底层库信息
2015-07-29 16:54:00 INFO  MLog:80 - MLog clients using log4j logging.
2015-07-29 16:54:00 INFO  C3P0Registry:204 - Initializing c3p0-0.9.1.2 [built 21-May-2007 15:04:56; debug? true; trace: 10]
2015-07-29 16:54:01 INFO  AbstractPoolBackedDataSource:462 - Initializing c3p0 pool... com.mchange.v2.c3p0.ComboPooledDataSource [ acquireIncrement -> 5, acquireRetryAttempts -> 30, acquireRetryDelay -> 1000, autoCommitOnClose -> false, automaticTestTable -> null, breakAfterAcquireFailure -> false, checkoutTimeout -> 0, connectionCustomizerClassName -> null, connectionTesterClassName -> com.mchange.v2.c3p0.impl.DefaultConnectionTester, dataSourceName -> 1hgeby99a1o7qhp81u23x8l|26419cb3, debugUnreturnedConnectionStackTraces -> false, description -> null, driverClass -> com.mysql.jdbc.Driver, factoryClassLocation -> null, forceIgnoreUnresolvedTransactions -> false, identityToken -> 1hgeby99a1o7qhp81u23x8l|26419cb3, idleConnectionTestPeriod -> 0, initialPoolSize -> 3, jdbcUrl -> jdbc:mysql://localhost:8889/, maxAdministrativeTaskTime -> 0, maxConnectionAge -> 0, maxIdleTime -> 0, maxIdleTimeExcessConnections -> 0, maxPoolSize -> 20, maxStatements -> 180, maxStatementsPerConnection -> 0, minPoolSize -> 5, numHelperThreads -> 3, numThreadsAwaitingCheckoutDefaultUser -> 0, preferredTestQuery -> null, properties -> {user=******, password=******}, propertyCycle -> 0, testConnectionOnCheckin -> false, testConnectionOnCheckout -> false, unreturnedConnectionTimeout -> 0, usesTraditionalReflectiveProxies -> false ]
